<?xml version="1.0" encoding="UTF-8"?>
<!-- Generated by org.testng.reporters.JUnitXMLReporter -->
<testsuite ignored="0" hostname="LAPTOP-CUFQDMPR" failures="0" tests="5" name="Default test" time="9.813" errors="0" timestamp="2023-05-16T10:54:29 IST">
  <testcase classname="Demo.SimpleBooks" name="CreateBook" time="3.21"/>
  <testcase classname="Demo.SimpleBooks" name="orderBook" time="1.452"/>
  <testcase classname="Demo.SimpleBooks" name="updateBookName" time="2.048"/>
  <testcase classname="Demo.SimpleBooks" name="getBookDetails" time="1.706"/>
  <testcase classname="Demo.SimpleBooks" name="deleteBook" time="1.336"/>
</testsuite> <!-- Default test -->
