<?xml version="1.0" encoding="UTF-8"?>
<!-- Generated by org.testng.reporters.JUnitXMLReporter -->
<testsuite ignored="0" hostname="LAPTOP-CUFQDMPR" failures="0" tests="11" name="Test" time="0.135" errors="0" timestamp="2023-05-16T10:55:21 IST">
  <testcase classname="Demo.testNg001" name="@BeforeTest bt" time="0.04">
    <failure type="java.lang.AssertionError" message="expected [Verma] but found [Shubham]">
      <![CDATA[java.lang.AssertionError: expected [Verma] but found [Shubham]
at Demo.testNg001.bt(testNg001.java:15)
... Removed 28 stack frames]]>
    </failure>
  </testcase> <!-- @BeforeTest bt -->
  <testcase classname="Demo.testNg001" name="@AfterTest at" time="0.0">
    <skipped/>
  </testcase> <!-- @AfterTest at -->
  <testcase classname="Demo.testNg001" name="testcase1" time="0.0">
    <skipped/>
  </testcase> <!-- testcase1 -->
  <testcase classname="Demo.testNg001" name="testcase2" time="0.0">
    <skipped/>
  </testcase> <!-- testcase2 -->
  <testcase classname="Demo.SimpleBooks" name="CreateBook" time="0.0">
    <skipped/>
  </testcase> <!-- CreateBook -->
  <testcase classname="Demo.SimpleBooks" name="orderBook" time="0.0">
    <skipped/>
  </testcase> <!-- orderBook -->
  <testcase classname="Demo.SimpleBooks" name="updateBookName" time="0.0">
    <skipped/>
  </testcase> <!-- updateBookName -->
  <testcase classname="Demo.SimpleBooks" name="getBookDetails" time="0.0">
    <skipped/>
  </testcase> <!-- getBookDetails -->
  <testcase classname="Demo.SimpleBooks" name="deleteBook" time="0.0">
    <skipped/>
  </testcase> <!-- deleteBook -->
  <testcase classname="Demo.Trello_Api" name="CreateBoard" time="0.0">
    <skipped/>
  </testcase> <!-- CreateBoard -->
  <testcase classname="Demo.Trello_Api" name="UpdateBoard" time="0.0">
    <skipped/>
  </testcase> <!-- UpdateBoard -->
  <testcase classname="Demo.Trello_Api" name="GetBoard" time="0.0">
    <skipped/>
  </testcase> <!-- GetBoard -->
  <testcase classname="Demo.Trello_Api" name="DeleteBoard" time="0.0">
    <skipped/>
  </testcase> <!-- DeleteBoard -->
</testsuite> <!-- Test -->
